<?xml version="1.0" encoding="UTF-8"?>
<!-- Generated by org.testng.reporters.JUnitXMLReporter -->
<testsuite hostname="DESKTOP-CN98629" ignored="0" name="Test" tests="1" failures="1" timestamp="2020-06-23T17:57:33 IST" time="13.319" errors="0">
  <testcase name="runScenario" time="12.403" classname="io.cucumber.testng.AbstractTestNGCucumberTests">
    <failure type="java.lang.NullPointerException">
      <![CDATA[java.lang.NullPointerException
at stepDefinitions.LoginTest.SearchText(LoginTest.java:44)
at ✽.search text(file:///C:/Users/Ramesh/eclipse-workspace/OpenCart/testFeature/loginTest.feature:6)
]]>
    </failure>
  </testcase> <!-- runScenario -->
</testsuite> <!-- Test -->
