<?xml version="1.0" encoding="UTF-8"?>
<testng-results skipped="0" failed="0" ignored="0" total="1" passed="1">
  <reporter-output>
  </reporter-output>
  <suite name="Suite" duration-ms="13903" started-at="2020-06-24T19:28:24 IST" finished-at="2020-06-24T19:28:38 IST">
    <groups>
      <group name="cucumber">
        <method signature="AbstractTestNGCucumberTests.runScenario(io.cucumber.testng.PickleWrapper, io.cucumber.testng.FeatureWrapper)[pri:0, instance:testRun.TestRunnerTestNG@9b1010]" name="runScenario" class="io.cucumber.testng.AbstractTestNGCucumberTests"/>
      </group> <!-- cucumber -->
    </groups>
    <test name="Test" duration-ms="13903" started-at="2020-06-24T19:28:24 IST" finished-at="2020-06-24T19:28:38 IST">
      <class name="testRun.TestRunnerTestNG">
        <test-method status="PASS" signature="setUpClass()[pri:0, instance:testRun.TestRunnerTestNG@9b1010]" name="setUpClass" is-config="true" duration-ms="594" started-at="2020-06-24T19:28:24 IST" finished-at="2020-06-24T19:28:25 IST">
          <reporter-output>
          </reporter-output>
        </test-method> <!-- setUpClass -->
        <test-method status="PASS" signature="runScenario(io.cucumber.testng.PickleWrapper, io.cucumber.testng.FeatureWrapper)[pri:0, instance:testRun.TestRunnerTestNG@9b1010]" name="runScenario" duration-ms="12735" started-at="2020-06-24T19:28:25 IST" description="Runs Cucumber Scenarios" data-provider="scenarios" finished-at="2020-06-24T19:28:38 IST">
          <params>
            <param index="0">
              <value>
                <![CDATA["This is scenario"]]>
              </value>
            </param>
            <param index="1">
              <value>
                <![CDATA["Optional[This is a test]"]]>
              </value>
            </param>
          </params>
          <reporter-output>
          </reporter-output>
        </test-method> <!-- runScenario -->
        <test-method status="PASS" signature="scenarioEnd()[pri:0, instance:testRun.TestRunnerTestNG@9b1010]" name="scenarioEnd" is-config="true" duration-ms="324" started-at="2020-06-24T19:28:38 IST" finished-at="2020-06-24T19:28:38 IST">
          <reporter-output>
          </reporter-output>
        </test-method> <!-- scenarioEnd -->
        <test-method status="PASS" signature="tearDownClass()[pri:0, instance:testRun.TestRunnerTestNG@9b1010]" name="tearDownClass" is-config="true" duration-ms="219" started-at="2020-06-24T19:28:38 IST" finished-at="2020-06-24T19:28:38 IST">
          <reporter-output>
          </reporter-output>
        </test-method> <!-- tearDownClass -->
      </class> <!-- testRun.TestRunnerTestNG -->
    </test> <!-- Test -->
  </suite> <!-- Suite -->
</testng-results>
