<?xml version="1.0" encoding="UTF-8"?>
<!-- Generated by org.testng.reporters.JUnitReportReporter -->
<testsuite skipped="0" hostname="DESKTOP-CN98629" name="testRun.TestRunnerTestNG" tests="1" failures="1" timestamp="2020-06-18T19:18:05 IST" time="8.944" errors="0">
  <testcase name="runScenario" time="8.944" classname="testRun.TestRunnerTestNG">
    <failure type="java.lang.AssertionError" message="expected [true] but found [false]">
      <![CDATA[java.lang.AssertionError: expected [true] but found [false]
at org.testng.Assert.fail(Assert.java:97)
at org.testng.Assert.failNotEquals(Assert.java:969)
at org.testng.Assert.assertTrue(Assert.java:43)
at org.testng.Assert.assertTrue(Assert.java:53)
at stepDefinitions.LoginTest.loadTheURL(LoginTest.java:37)
at ✽.load the url(file:///C:/Users/Ramesh/eclipse-workspace/OpenCart/testFeature/loginTest.feature:5)
]]>
    </failure>
  </testcase> <!-- runScenario -->
  <system-out/>
</testsuite> <!-- testRun.TestRunnerTestNG -->
