<?xml version="1.0" encoding="UTF-8"?>
<!-- Generated by org.testng.reporters.JUnitReportReporter -->
<testsuite skipped="0" hostname="DESKTOP-CN98629" name="testRun.TestRunnerTestNG" tests="1" failures="0" timestamp="2020-06-23T17:57:33 IST" time="12.403" errors="1">
  <testcase name="runScenario" time="12.403" classname="testRun.TestRunnerTestNG">
    <error type="java.lang.NullPointerException">
      <![CDATA[java.lang.NullPointerException
at stepDefinitions.LoginTest.SearchText(LoginTest.java:44)
at ✽.search text(file:///C:/Users/Ramesh/eclipse-workspace/OpenCart/testFeature/loginTest.feature:6)
]]>
    </error>
  </testcase> <!-- runScenario -->
  <system-out/>
</testsuite> <!-- testRun.TestRunnerTestNG -->
